


***  ****  ***
05/02/2024 14:19:06 (com.radinc.csharpshell, 33005, 3.3.5)

System.ArgumentOutOfRangeException: Index was out of range. Must be non-negative and less than the size of the collection. (Parameter 'index')
    at System.ThrowHelper.ThrowArgumentOutOfRange_IndexMustBeLessException() 
    at System.Collections.Generic.List`1[[System.String, System.Private.CoreLib, Version=8.0.0.0, Culture=neutral, PublicKeyToken=7cec85d7bea7798e]].get_Item(Int32 index) 
    at CSharpShellCore.Activities.MainActivity.ShowCompletionDescriptionInfo(CompletionDescription info) 
    at CSharpShellCore.Activities.MainActivity.TxtEditorInfoLine_Click(Object sender, EventArgs e) 
    at Android.Views.View+IOnClickListenerImplementor.OnClick(View v) 
    at Android.Views.View+IOnClickListenerInvoker.n_OnClick_Landroid_view_View_(IntPtr jnienv, IntPtr native__this, IntPtr native_v) 
    at Android.Runtime.JNINativeWrapper.Wrap_JniMarshal_PPL_V(_JniMarshal_PPL_V callback, IntPtr jnienv, IntPtr klazz, IntPtr p0) 


***  ****  ***


***  ****  ***
05/08/2024 16:02:47 (com.radinc.csharpshell, 33008, 3.3.8)

Java.Lang.StringIndexOutOfBoundsException: Exception of type 'Java.Lang.StringIndexOutOfBoundsException' was thrown.
    at System.Runtime.ExceptionServices.ExceptionDispatchInfo.Throw() 
    at Java.Interop.JniEnvironment+InstanceMethods.CallObjectMethod(JniObjectReference instance, JniMethodInfo method, JniArgumentValue* args) 
    at Java.Interop.JniPeerMembers+JniInstanceMethods.InvokeVirtualObjectMethod(String encodedMember, IJavaPeerable self, JniArgumentValue* parameters) 
    at Android.Text.SpannableStringBuilder.SubSequenceFormatted(Int32 start, Int32 end) 
    at Java.Lang.ICharSequenceExtensions.SubSequence(ICharSequence self, Int32 start, Int32 end) 
    at CSharpShellCore.IDE.Views.ConsoleView.DispatchKeyEvent(KeyEvent e) 
    at Android.Views.View.n_DispatchKeyEvent_Landroid_view_KeyEvent_(IntPtr jnienv, IntPtr native__this, IntPtr native_e) 
    at Android.Runtime.JNINativeWrapper.Wrap_JniMarshal_PPL_Z(_JniMarshal_PPL_Z callback, IntPtr jnienv, IntPtr klazz, IntPtr p0) 


***  ****  ***